[2025-12-04 07:29:27Z INFO HostContext] No proxy settings were found based on environmental variables (http_proxy/https_proxy/HTTP_PROXY/HTTPS_PROXY)
[2025-12-04 07:29:27Z INFO HostContext] Well known directory 'Bin': 'C:\Users\swaminathan.s\dremio-dbt-cicd\actions-runner\bin'
[2025-12-04 07:29:27Z INFO HostContext] Well known directory 'Root': 'C:\Users\swaminathan.s\dremio-dbt-cicd\actions-runner'
[2025-12-04 07:29:27Z INFO HostContext] Well known config file 'Credentials': 'C:\Users\swaminathan.s\dremio-dbt-cicd\actions-runner\.credentials'
[2025-12-04 07:29:27Z INFO HostContext] Well known directory 'Bin': 'C:\Users\swaminathan.s\dremio-dbt-cicd\actions-runner\bin'
[2025-12-04 07:29:27Z INFO HostContext] Well known directory 'Root': 'C:\Users\swaminathan.s\dremio-dbt-cicd\actions-runner'
[2025-12-04 07:29:27Z INFO HostContext] Well known config file 'Runner': 'C:\Users\swaminathan.s\dremio-dbt-cicd\actions-runner\.runner'
[2025-12-04 07:29:27Z INFO Listener] Runner is built for Windows (X64) - win-x64.
[2025-12-04 07:29:27Z INFO Listener] RuntimeInformation: Microsoft Windows 10.0.26200.
[2025-12-04 07:29:27Z INFO Listener] Version: 2.329.0
[2025-12-04 07:29:27Z INFO Listener] Commit: c76c59996c8fa32e989164a5a695efb12608ae5a
[2025-12-04 07:29:27Z INFO Listener] Culture: en-IN
[2025-12-04 07:29:27Z INFO Listener] UI Culture: en-US
[2025-12-04 07:29:27Z INFO HostContext] Well known directory 'Bin': 'C:\Users\swaminathan.s\dremio-dbt-cicd\actions-runner\bin'
[2025-12-04 07:29:27Z INFO HostContext] Well known directory 'Root': 'C:\Users\swaminathan.s\dremio-dbt-cicd\actions-runner'
[2025-12-04 07:29:27Z INFO Listener] Validating directory permissions for: 'C:\Users\swaminathan.s\dremio-dbt-cicd\actions-runner'
[2025-12-04 07:29:27Z INFO CommandLineParser] Parse
[2025-12-04 07:29:27Z INFO CommandLineParser] Parsing 1 args
[2025-12-04 07:29:27Z INFO CommandLineParser] parsing argument
[2025-12-04 07:29:27Z INFO CommandLineParser] HasArgs: False
[2025-12-04 07:29:27Z INFO CommandLineParser] Adding Command: run
[2025-12-04 07:29:27Z INFO Listener] Arguments parsed
[2025-12-04 07:29:27Z INFO Runner] ExecuteCommand
[2025-12-04 07:29:27Z INFO ConfigurationStore] currentAssemblyLocation: C:\Users\swaminathan.s\dremio-dbt-cicd\actions-runner\bin\Runner.Listener.dll
[2025-12-04 07:29:27Z INFO HostContext] Well known directory 'Bin': 'C:\Users\swaminathan.s\dremio-dbt-cicd\actions-runner\bin'
[2025-12-04 07:29:27Z INFO ConfigurationStore] binPath: C:\Users\swaminathan.s\dremio-dbt-cicd\actions-runner\bin
[2025-12-04 07:29:27Z INFO HostContext] Well known directory 'Bin': 'C:\Users\swaminathan.s\dremio-dbt-cicd\actions-runner\bin'
[2025-12-04 07:29:27Z INFO HostContext] Well known directory 'Root': 'C:\Users\swaminathan.s\dremio-dbt-cicd\actions-runner'
[2025-12-04 07:29:27Z INFO ConfigurationStore] RootFolder: C:\Users\swaminathan.s\dremio-dbt-cicd\actions-runner
[2025-12-04 07:29:27Z INFO HostContext] Well known directory 'Bin': 'C:\Users\swaminathan.s\dremio-dbt-cicd\actions-runner\bin'
[2025-12-04 07:29:27Z INFO HostContext] Well known directory 'Root': 'C:\Users\swaminathan.s\dremio-dbt-cicd\actions-runner'
[2025-12-04 07:29:27Z INFO HostContext] Well known config file 'Runner': 'C:\Users\swaminathan.s\dremio-dbt-cicd\actions-runner\.runner'
[2025-12-04 07:29:27Z INFO ConfigurationStore] ConfigFilePath: C:\Users\swaminathan.s\dremio-dbt-cicd\actions-runner\.runner
[2025-12-04 07:29:27Z INFO HostContext] Well known directory 'Bin': 'C:\Users\swaminathan.s\dremio-dbt-cicd\actions-runner\bin'
[2025-12-04 07:29:27Z INFO HostContext] Well known directory 'Root': 'C:\Users\swaminathan.s\dremio-dbt-cicd\actions-runner'
[2025-12-04 07:29:27Z INFO HostContext] Well known config file 'MigratedRunner': 'C:\Users\swaminathan.s\dremio-dbt-cicd\actions-runner\.runner_migrated'
[2025-12-04 07:29:27Z INFO ConfigurationStore] MigratedConfigFilePath: C:\Users\swaminathan.s\dremio-dbt-cicd\actions-runner\.runner_migrated
[2025-12-04 07:29:27Z INFO HostContext] Well known directory 'Bin': 'C:\Users\swaminathan.s\dremio-dbt-cicd\actions-runner\bin'
[2025-12-04 07:29:27Z INFO HostContext] Well known directory 'Root': 'C:\Users\swaminathan.s\dremio-dbt-cicd\actions-runner'
[2025-12-04 07:29:27Z INFO HostContext] Well known config file 'Credentials': 'C:\Users\swaminathan.s\dremio-dbt-cicd\actions-runner\.credentials'
[2025-12-04 07:29:27Z INFO ConfigurationStore] CredFilePath: C:\Users\swaminathan.s\dremio-dbt-cicd\actions-runner\.credentials
[2025-12-04 07:29:27Z INFO HostContext] Well known directory 'Bin': 'C:\Users\swaminathan.s\dremio-dbt-cicd\actions-runner\bin'
[2025-12-04 07:29:27Z INFO HostContext] Well known directory 'Root': 'C:\Users\swaminathan.s\dremio-dbt-cicd\actions-runner'
[2025-12-04 07:29:27Z INFO HostContext] Well known config file 'MigratedCredentials': 'C:\Users\swaminathan.s\dremio-dbt-cicd\actions-runner\.credentials_migrated'
[2025-12-04 07:29:27Z INFO ConfigurationStore] MigratedCredFilePath: C:\Users\swaminathan.s\dremio-dbt-cicd\actions-runner\.credentials_migrated
[2025-12-04 07:29:27Z INFO HostContext] Well known directory 'Bin': 'C:\Users\swaminathan.s\dremio-dbt-cicd\actions-runner\bin'
[2025-12-04 07:29:27Z INFO HostContext] Well known directory 'Root': 'C:\Users\swaminathan.s\dremio-dbt-cicd\actions-runner'
[2025-12-04 07:29:27Z INFO HostContext] Well known config file 'Service': 'C:\Users\swaminathan.s\dremio-dbt-cicd\actions-runner\.service'
[2025-12-04 07:29:27Z INFO ConfigurationStore] ServiceConfigFilePath: C:\Users\swaminathan.s\dremio-dbt-cicd\actions-runner\.service
[2025-12-04 07:29:27Z INFO CommandSettings] Flag 'help': 'False'
[2025-12-04 07:29:27Z INFO CommandSettings] Flag 'version': 'False'
[2025-12-04 07:29:27Z INFO CommandSettings] Flag 'commit': 'False'
[2025-12-04 07:29:27Z INFO CommandSettings] Flag 'check': 'False'
[2025-12-04 07:29:27Z INFO CommandSettings] Command 'configure': 'False'
[2025-12-04 07:29:27Z INFO CommandSettings] Command 'remove': 'False'
[2025-12-04 07:29:27Z INFO CommandSettings] Command 'warmup': 'False'
[2025-12-04 07:29:27Z INFO ConfigurationManager] LoadSettings
[2025-12-04 07:29:27Z INFO ConfigurationStore] IsConfigured()
[2025-12-04 07:29:27Z INFO ConfigurationStore] IsConfigured: True
[2025-12-04 07:29:27Z INFO ConfigurationManager] Is configured: True
[2025-12-04 07:29:27Z INFO ConfigurationStore] Read setting file: 410 chars
[2025-12-04 07:29:27Z INFO ConfigurationManager] Settings Loaded
[2025-12-04 07:29:27Z INFO ConfigurationStore] IsServiceConfigured()
[2025-12-04 07:29:27Z INFO ConfigurationStore] IsServiceConfigured: False
[2025-12-04 07:29:27Z INFO CommandSettings] Command 'run': 'True'
[2025-12-04 07:29:27Z INFO ConfigurationStore] IsConfigured()
[2025-12-04 07:29:27Z INFO ConfigurationStore] IsConfigured: True
[2025-12-04 07:29:27Z INFO ConfigurationManager] Is configured: True
[2025-12-04 07:29:27Z INFO Runner] Could not parse the argument value '' for StartupType. Defaulting to Manual
[2025-12-04 07:29:27Z INFO Runner] Set runner startup type - Manual
[2025-12-04 07:29:27Z INFO CommandSettings] Flag 'once': 'False'
[2025-12-04 07:29:27Z INFO CommandSettings] Flag 'once': 'False'
[2025-12-04 07:29:27Z INFO Runner] RunAsync
[2025-12-04 07:29:27Z INFO ConfigurationManager] LoadMigratedSettings
[2025-12-04 07:29:27Z INFO ConfigurationStore] IsMigratedConfigured()
[2025-12-04 07:29:27Z INFO ConfigurationStore] IsMigratedConfigured: False
[2025-12-04 07:29:27Z INFO Runner] Failed to load migrated settings: No migrated configuration found.
[2025-12-04 07:29:27Z INFO Runner] Falling back to original .runner settings
[2025-12-04 07:29:27Z INFO Runner] Using BrokerMessageListener
[2025-12-04 07:29:27Z INFO BrokerMessageListener] Using provided settings
[2025-12-04 07:29:27Z INFO BrokerMessageListener] {
  "AgentId": 21,
  "AgentName": "RLP2311",
  "PoolId": 1,
  "PoolName": "Default",
  "ServerUrl": "https://pipelinesghubeus22.actions.githubusercontent.com/jzw1bAFMUTIH43NFRDYmLi2MnFtUrBShYd63pGQgrhx3HviMSj/",
  "GitHubUrl": "https://github.com/swaminathan-subbarayan/dremio-dbt-cicd",
  "WorkFolder": "_work",
  "UseV2Flow": true,
  "ServerUrlV2": "https://broker.actions.githubusercontent.com/"
}
[2025-12-04 07:29:27Z INFO BrokerMessageListener] Loading Credentials
[2025-12-04 07:29:27Z INFO ConfigurationStore] HasCredentials()
[2025-12-04 07:29:27Z INFO ConfigurationStore] stored True
[2025-12-04 07:29:27Z INFO CredentialManager] GetCredentialProvider
[2025-12-04 07:29:27Z INFO CredentialManager] Creating type OAuth
[2025-12-04 07:29:27Z INFO CredentialManager] Creating credential type: OAuth
[2025-12-04 07:29:27Z INFO HostContext] Well known directory 'Bin': 'C:\Users\swaminathan.s\dremio-dbt-cicd\actions-runner\bin'
[2025-12-04 07:29:27Z INFO HostContext] Well known directory 'Root': 'C:\Users\swaminathan.s\dremio-dbt-cicd\actions-runner'
[2025-12-04 07:29:27Z INFO HostContext] Well known config file 'RSACredentials': 'C:\Users\swaminathan.s\dremio-dbt-cicd\actions-runner\.credentials_rsaparams'
[2025-12-04 07:29:27Z INFO RSAEncryptedFileKeyManager] Loading RSA key parameters from file C:\Users\swaminathan.s\dremio-dbt-cicd\actions-runner\.credentials_rsaparams
[2025-12-04 07:29:27Z INFO BrokerMessageListener] Attempt to create session.
[2025-12-04 07:29:27Z INFO BrokerMessageListener] Connecting to the Broker Server...
[2025-12-04 07:29:27Z INFO ConfigurationStore] HasCredentials()
[2025-12-04 07:29:27Z INFO ConfigurationStore] stored True
[2025-12-04 07:29:27Z INFO CredentialManager] GetCredentialProvider
[2025-12-04 07:29:27Z INFO CredentialManager] Creating type OAuth
[2025-12-04 07:29:27Z INFO CredentialManager] Creating credential type: OAuth
[2025-12-04 07:29:27Z INFO RSAEncryptedFileKeyManager] Loading RSA key parameters from file C:\Users\swaminathan.s\dremio-dbt-cicd\actions-runner\.credentials_rsaparams
[2025-12-04 07:29:27Z INFO BrokerMessageListener] VssConnection created
[2025-12-04 07:29:27Z INFO BrokerMessageListener] Connecting to the Runner server...
[2025-12-04 07:29:27Z INFO RunnerServer] EstablishVssConnection
[2025-12-04 07:29:27Z INFO RunnerServer] Establish connection with 100 seconds timeout.
[2025-12-04 07:29:27Z INFO GitHubActionsService] Starting operation Location.GetConnectionData
[2025-12-04 07:29:27Z INFO RunnerServer] EstablishVssConnection
[2025-12-04 07:29:27Z INFO RunnerServer] Establish connection with 60 seconds timeout.
[2025-12-04 07:29:27Z INFO GitHubActionsService] Starting operation Location.GetConnectionData
[2025-12-04 07:29:27Z INFO RunnerServer] EstablishVssConnection
[2025-12-04 07:29:27Z INFO RunnerServer] Establish connection with 60 seconds timeout.
[2025-12-04 07:29:27Z INFO GitHubActionsService] Starting operation Location.GetConnectionData
[2025-12-04 07:29:28Z INFO GitHubActionsService] Finished operation Location.GetConnectionData
[2025-12-04 07:29:28Z INFO GitHubActionsService] Finished operation Location.GetConnectionData
[2025-12-04 07:29:28Z INFO GitHubActionsService] Finished operation Location.GetConnectionData
[2025-12-04 07:29:28Z INFO BrokerMessageListener] VssConnection created
[2025-12-04 07:29:28Z INFO Terminal] WRITE LINE: 
[2025-12-04 07:29:28Z INFO Terminal] WRITE LINE: 
[2025-12-04 07:29:28Z INFO RSAEncryptedFileKeyManager] Loading RSA key parameters from file C:\Users\swaminathan.s\dremio-dbt-cicd\actions-runner\.credentials_rsaparams
[2025-12-04 07:29:28Z INFO RSAEncryptedFileKeyManager] Loading RSA key parameters from file C:\Users\swaminathan.s\dremio-dbt-cicd\actions-runner\.credentials_rsaparams
[2025-12-04 07:29:30Z INFO GitHubActionsService] AAD Correlation ID for this token request: Unknown
[2025-12-04 07:29:30Z INFO BrokerMessageListener] Session created.
[2025-12-04 07:29:30Z INFO Terminal] WRITE LINE: Current runner version: '2.329.0'
[2025-12-04 07:29:30Z INFO Terminal] WRITE LINE: 2025-12-04 07:29:30Z: Listening for Jobs
[2025-12-04 07:29:30Z INFO JobDispatcher] Set runner/worker IPC timeout to 30 seconds.
[2025-12-04 07:29:31Z INFO BrokerMessageListener] Acknowledging runner request 'a7e7170c-5b3d-54fd-8984-b420ef209d6b'.
[2025-12-04 07:29:31Z INFO ConfigurationStore] HasCredentials()
[2025-12-04 07:29:31Z INFO ConfigurationStore] stored True
[2025-12-04 07:29:31Z INFO CredentialManager] GetCredentialProvider
[2025-12-04 07:29:31Z INFO CredentialManager] Creating type OAuth
[2025-12-04 07:29:31Z INFO CredentialManager] Creating credential type: OAuth
[2025-12-04 07:29:31Z INFO RSAEncryptedFileKeyManager] Loading RSA key parameters from file C:\Users\swaminathan.s\dremio-dbt-cicd\actions-runner\.credentials_rsaparams
[2025-12-04 07:29:31Z INFO RSAEncryptedFileKeyManager] Loading RSA key parameters from file C:\Users\swaminathan.s\dremio-dbt-cicd\actions-runner\.credentials_rsaparams
[2025-12-04 07:29:31Z INFO RSAEncryptedFileKeyManager] Loading RSA key parameters from file C:\Users\swaminathan.s\dremio-dbt-cicd\actions-runner\.credentials_rsaparams
[2025-12-04 07:29:32Z INFO GitHubActionsService] AAD Correlation ID for this token request: Unknown
[2025-12-04 07:29:34Z INFO JobDispatcher] Job request 0 for plan d89e79a6-1c63-4930-a32b-b324a08a08fe job a7e7170c-5b3d-54fd-8984-b420ef209d6b received.
[2025-12-04 07:29:34Z INFO JobDispatcher] Pull OrchestrationId d89e79a6-1c63-4930-a32b-b324a08a08fe.prod-deploy.__default from JWT claims
[2025-12-04 07:29:34Z INFO BrokerMessageListener] Received job status event. JobState: Busy
[2025-12-04 07:29:34Z INFO BrokerMessageListener] _getMessagesTokenSource is already disposed.
[2025-12-04 07:29:34Z INFO Terminal] WRITE LINE: 2025-12-04 07:29:34Z: Running job: Prod deploy (HTTP)
[2025-12-04 07:29:34Z INFO JobDispatcher] Start renew job request 0 for job a7e7170c-5b3d-54fd-8984-b420ef209d6b.
[2025-12-04 07:29:35Z INFO JobDispatcher] Successfully renew job a7e7170c-5b3d-54fd-8984-b420ef209d6b, job is valid till 04-12-2025 07:39:35
[2025-12-04 07:29:35Z INFO HostContext] Well known directory 'Bin': 'C:\Users\swaminathan.s\dremio-dbt-cicd\actions-runner\bin'
[2025-12-04 07:29:35Z INFO ProcessInvokerWrapper] Starting process:
[2025-12-04 07:29:35Z INFO ProcessInvokerWrapper]   File name: 'C:\Users\swaminathan.s\dremio-dbt-cicd\actions-runner\bin\Runner.Worker.exe'
[2025-12-04 07:29:35Z INFO ProcessInvokerWrapper]   Arguments: 'spawnclient 2340 2400'
[2025-12-04 07:29:35Z INFO ProcessInvokerWrapper]   Working directory: 'C:\Users\swaminathan.s\dremio-dbt-cicd\actions-runner\bin'
[2025-12-04 07:29:35Z INFO ProcessInvokerWrapper]   Require exit code zero: 'False'
[2025-12-04 07:29:35Z INFO ProcessInvokerWrapper]   Encoding web name:  ; code page: ''
[2025-12-04 07:29:35Z INFO ProcessInvokerWrapper]   Force kill process on cancellation: 'True'
[2025-12-04 07:29:35Z INFO ProcessInvokerWrapper]   Redirected STDIN: 'False'
[2025-12-04 07:29:35Z INFO ProcessInvokerWrapper]   Persist current code page: 'False'
[2025-12-04 07:29:35Z INFO ProcessInvokerWrapper]   Keep redirected STDIN open: 'False'
[2025-12-04 07:29:35Z INFO ProcessInvokerWrapper]   High priority process: 'True'
[2025-12-04 07:29:35Z INFO ProcessInvokerWrapper] Process started with process id 43836, waiting for process exit.
[2025-12-04 07:29:35Z INFO JobDispatcher] Send job request message to worker for job a7e7170c-5b3d-54fd-8984-b420ef209d6b.
[2025-12-04 07:29:35Z INFO ProcessChannel] Sending message of length 40719, with hash '0414f61822503b04084b2660b99e3fec06b6ad69e58734846f2e4fb565fa9224'
[2025-12-04 07:29:35Z INFO JobNotification] Entering JobStarted Notification
[2025-12-04 07:29:35Z INFO JobNotification] Entering StartMonitor
[2025-12-04 07:30:35Z INFO JobDispatcher] Successfully renew job a7e7170c-5b3d-54fd-8984-b420ef209d6b, job is valid till 04-12-2025 07:40:35
[2025-12-04 07:31:35Z INFO JobDispatcher] Successfully renew job a7e7170c-5b3d-54fd-8984-b420ef209d6b, job is valid till 04-12-2025 07:41:35
[2025-12-04 07:31:58Z INFO ProcessInvokerWrapper] STDOUT/STDERR stream read finished.
[2025-12-04 07:31:58Z INFO ProcessInvokerWrapper] STDOUT/STDERR stream read finished.
[2025-12-04 07:31:58Z INFO ProcessInvokerWrapper] Finished process 43836 with exit code 102, and elapsed time 00:02:23.5208470.
[2025-12-04 07:31:58Z INFO JobDispatcher] Worker finished for job a7e7170c-5b3d-54fd-8984-b420ef209d6b. Code: 102
[2025-12-04 07:31:58Z INFO JobDispatcher] finish job request for job a7e7170c-5b3d-54fd-8984-b420ef209d6b with result: Failed
[2025-12-04 07:31:58Z INFO Terminal] WRITE LINE: 2025-12-04 07:31:58Z: Job Prod deploy (HTTP) completed with result: Failed
[2025-12-04 07:31:58Z INFO JobDispatcher] Stop renew job request for job a7e7170c-5b3d-54fd-8984-b420ef209d6b.
[2025-12-04 07:31:58Z INFO JobDispatcher] job renew has been cancelled, stop renew job a7e7170c-5b3d-54fd-8984-b420ef209d6b.
[2025-12-04 07:31:58Z INFO JobNotification] Entering JobCompleted Notification
[2025-12-04 07:31:58Z INFO JobNotification] Entering EndMonitor
[2025-12-04 07:31:58Z INFO BrokerMessageListener] Received job status event. JobState: Online
[2025-12-04 07:31:58Z WARN GitHubActionsService] GET request to https://broker.actions.githubusercontent.com/message?sessionId=32cac54e-598f-45bb-a742-71439a3f7f11&status=Busy&runnerVersion=2.329.0&os=Windows&architecture=X64&disableUpdate=false has been cancelled.
[2025-12-04 07:31:58Z ERR  BrokerServer] Catch exception during request
[2025-12-04 07:31:58Z ERR  BrokerServer] System.Threading.Tasks.TaskCanceledException: The operation was canceled.
 ---> System.Threading.Tasks.TaskCanceledException: The operation was canceled.
 ---> System.IO.IOException: Unable to read data from the transport connection: The I/O operation has been aborted because of either a thread exit or an application request..
 ---> System.Net.Sockets.SocketException (995): The I/O operation has been aborted because of either a thread exit or an application request.
   --- End of inner exception stack trace ---
   at System.Net.Sockets.Socket.AwaitableSocketAsyncEventArgs.ThrowException(SocketError error, CancellationToken cancellationToken)
   at System.Net.Sockets.Socket.AwaitableSocketAsyncEventArgs.System.Threading.Tasks.Sources.IValueTaskSource<System.Int32>.GetResult(Int16 token)
   at System.Net.Security.SslStream.EnsureFullTlsFrameAsync[TIOAdapter](CancellationToken cancellationToken, Int32 estimatedSize)
   at System.Runtime.CompilerServices.PoolingAsyncValueTaskMethodBuilder`1.StateMachineBox`1.System.Threading.Tasks.Sources.IValueTaskSource<TResult>.GetResult(Int16 token)
   at System.Net.Security.SslStream.ReadAsyncInternal[TIOAdapter](Memory`1 buffer, CancellationToken cancellationToken)
   at System.Runtime.CompilerServices.PoolingAsyncValueTaskMethodBuilder`1.StateMachineBox`1.System.Threading.Tasks.Sources.IValueTaskSource<TResult>.GetResult(Int16 token)
   at System.Net.Http.HttpConnection.SendAsync(HttpRequestMessage request, Boolean async, CancellationToken cancellationToken)
   --- End of inner exception stack trace ---
   at System.Net.Http.HttpConnection.SendAsync(HttpRequestMessage request, Boolean async, CancellationToken cancellationToken)
   at System.Net.Http.AuthenticationHelper.SendWithNtAuthAsync(HttpRequestMessage request, Uri authUri, Boolean async, ICredentials credentials, Boolean isProxyAuth, HttpConnection connection, HttpConnectionPool connectionPool, CancellationToken cancellationToken)
   at System.Net.Http.HttpConnectionPool.SendWithVersionDetectionAndRetryAsync(HttpRequestMessage request, Boolean async, Boolean doRequestAuth, CancellationToken cancellationToken)
   at System.Net.Http.AuthenticationHelper.SendWithAuthAsync(HttpRequestMessage request, Uri authUri, Boolean async, ICredentials credentials, Boolean preAuthenticate, Boolean isProxyAuth, Boolean doRequestAuth, HttpConnectionPool pool, CancellationToken cancellationToken)
   at System.Net.Http.RedirectHandler.SendAsync(HttpRequestMessage request, Boolean async, CancellationToken cancellationToken)
   at GitHub.Services.Common.RawHttpMessageHandler.SendAsync(HttpRequestMessage request, CancellationToken cancellationToken)
   at GitHub.Services.Common.VssHttpRetryMessageHandler.SendAsync(HttpRequestMessage request, CancellationToken cancellationToken)
   at System.Net.Http.HttpClient.<SendAsync>g__Core|83_0(HttpRequestMessage request, HttpCompletionOption completionOption, CancellationTokenSource cts, Boolean disposeCts, CancellationTokenSource pendingRequestsCts, CancellationToken originalCancellationToken)
   --- End of inner exception stack trace ---
   at System.Net.Http.HttpClient.HandleFailure(Exception e, Boolean telemetryStarted, HttpResponseMessage response, CancellationTokenSource cts, CancellationToken cancellationToken, CancellationTokenSource pendingRequestsCts)
   at System.Net.Http.HttpClient.<SendAsync>g__Core|83_0(HttpRequestMessage request, HttpCompletionOption completionOption, CancellationTokenSource cts, Boolean disposeCts, CancellationTokenSource pendingRequestsCts, CancellationToken originalCancellationToken)
   at Sdk.WebApi.WebApi.RawHttpClientBase.SendAsync(HttpRequestMessage message, HttpCompletionOption completionOption, Object userState, CancellationToken cancellationToken)
   at Sdk.WebApi.WebApi.RawHttpClientBase.SendAsync[T](HttpRequestMessage message, Boolean readErrorBody, Object userState, CancellationToken cancellationToken)
   at Sdk.WebApi.WebApi.RawHttpClientBase.SendAsync[T](HttpMethod method, IEnumerable`1 additionalHeaders, Uri requestUri, HttpContent content, IEnumerable`1 queryParameters, Boolean readErrorBody, Object userState, CancellationToken cancellationToken)
   at GitHub.Actions.RunService.WebApi.BrokerHttpClient.GetRunnerMessageAsync(Nullable`1 sessionId, String runnerVersion, Nullable`1 status, String os, String architecture, Nullable`1 disableUpdate, CancellationToken cancellationToken)
   at GitHub.Runner.Common.BrokerServer.<>c__DisplayClass7_0.<<GetRunnerMessageAsync>b__0>d.MoveNext()
--- End of stack trace from previous location ---
   at GitHub.Runner.Common.RunnerService.RetryRequest[T](Func`1 func, CancellationToken cancellationToken, Int32 maxAttempts, Func`2 shouldRetry)
[2025-12-04 07:31:58Z ERR  BrokerServer] #####################################################
[2025-12-04 07:31:58Z ERR  BrokerServer] System.Threading.Tasks.TaskCanceledException: The operation was canceled.
 ---> System.IO.IOException: Unable to read data from the transport connection: The I/O operation has been aborted because of either a thread exit or an application request..
 ---> System.Net.Sockets.SocketException (995): The I/O operation has been aborted because of either a thread exit or an application request.
   --- End of inner exception stack trace ---
   at System.Net.Sockets.Socket.AwaitableSocketAsyncEventArgs.ThrowException(SocketError error, CancellationToken cancellationToken)
   at System.Net.Sockets.Socket.AwaitableSocketAsyncEventArgs.System.Threading.Tasks.Sources.IValueTaskSource<System.Int32>.GetResult(Int16 token)
   at System.Net.Security.SslStream.EnsureFullTlsFrameAsync[TIOAdapter](CancellationToken cancellationToken, Int32 estimatedSize)
   at System.Runtime.CompilerServices.PoolingAsyncValueTaskMethodBuilder`1.StateMachineBox`1.System.Threading.Tasks.Sources.IValueTaskSource<TResult>.GetResult(Int16 token)
   at System.Net.Security.SslStream.ReadAsyncInternal[TIOAdapter](Memory`1 buffer, CancellationToken cancellationToken)
   at System.Runtime.CompilerServices.PoolingAsyncValueTaskMethodBuilder`1.StateMachineBox`1.System.Threading.Tasks.Sources.IValueTaskSource<TResult>.GetResult(Int16 token)
   at System.Net.Http.HttpConnection.SendAsync(HttpRequestMessage request, Boolean async, CancellationToken cancellationToken)
   --- End of inner exception stack trace ---
   at System.Net.Http.HttpConnection.SendAsync(HttpRequestMessage request, Boolean async, CancellationToken cancellationToken)
   at System.Net.Http.AuthenticationHelper.SendWithNtAuthAsync(HttpRequestMessage request, Uri authUri, Boolean async, ICredentials credentials, Boolean isProxyAuth, HttpConnection connection, HttpConnectionPool connectionPool, CancellationToken cancellationToken)
   at System.Net.Http.HttpConnectionPool.SendWithVersionDetectionAndRetryAsync(HttpRequestMessage request, Boolean async, Boolean doRequestAuth, CancellationToken cancellationToken)
   at System.Net.Http.AuthenticationHelper.SendWithAuthAsync(HttpRequestMessage request, Uri authUri, Boolean async, ICredentials credentials, Boolean preAuthenticate, Boolean isProxyAuth, Boolean doRequestAuth, HttpConnectionPool pool, CancellationToken cancellationToken)
   at System.Net.Http.RedirectHandler.SendAsync(HttpRequestMessage request, Boolean async, CancellationToken cancellationToken)
   at GitHub.Services.Common.RawHttpMessageHandler.SendAsync(HttpRequestMessage request, CancellationToken cancellationToken)
   at GitHub.Services.Common.VssHttpRetryMessageHandler.SendAsync(HttpRequestMessage request, CancellationToken cancellationToken)
   at System.Net.Http.HttpClient.<SendAsync>g__Core|83_0(HttpRequestMessage request, HttpCompletionOption completionOption, CancellationTokenSource cts, Boolean disposeCts, CancellationTokenSource pendingRequestsCts, CancellationToken originalCancellationToken)
[2025-12-04 07:31:58Z ERR  BrokerServer] #####################################################
[2025-12-04 07:31:58Z ERR  BrokerServer] System.IO.IOException: Unable to read data from the transport connection: The I/O operation has been aborted because of either a thread exit or an application request..
 ---> System.Net.Sockets.SocketException (995): The I/O operation has been aborted because of either a thread exit or an application request.
   --- End of inner exception stack trace ---
   at System.Net.Sockets.Socket.AwaitableSocketAsyncEventArgs.ThrowException(SocketError error, CancellationToken cancellationToken)
   at System.Net.Sockets.Socket.AwaitableSocketAsyncEventArgs.System.Threading.Tasks.Sources.IValueTaskSource<System.Int32>.GetResult(Int16 token)
   at System.Net.Security.SslStream.EnsureFullTlsFrameAsync[TIOAdapter](CancellationToken cancellationToken, Int32 estimatedSize)
   at System.Runtime.CompilerServices.PoolingAsyncValueTaskMethodBuilder`1.StateMachineBox`1.System.Threading.Tasks.Sources.IValueTaskSource<TResult>.GetResult(Int16 token)
   at System.Net.Security.SslStream.ReadAsyncInternal[TIOAdapter](Memory`1 buffer, CancellationToken cancellationToken)
   at System.Runtime.CompilerServices.PoolingAsyncValueTaskMethodBuilder`1.StateMachineBox`1.System.Threading.Tasks.Sources.IValueTaskSource<TResult>.GetResult(Int16 token)
   at System.Net.Http.HttpConnection.SendAsync(HttpRequestMessage request, Boolean async, CancellationToken cancellationToken)
[2025-12-04 07:31:58Z ERR  BrokerServer] #####################################################
[2025-12-04 07:31:58Z ERR  BrokerServer] System.Net.Sockets.SocketException (995): The I/O operation has been aborted because of either a thread exit or an application request.
[2025-12-04 07:31:58Z WARN BrokerServer] Back off 12.181 seconds before next retry. 4 attempt left.
[2025-12-04 07:31:58Z INFO BrokerMessageListener] Get messages has been cancelled using local token source. Continue to get messages with new status.
[2025-12-04 07:49:04Z INFO Terminal] WRITE LINE: Exiting...
[2025-12-04 07:49:04Z INFO ConfigurationStore] IsServiceConfigured()
[2025-12-04 07:49:04Z INFO ConfigurationStore] IsServiceConfigured: False
[2025-12-04 07:49:04Z INFO HostContext] Runner will be shutdown for UserCancelled
[2025-12-04 07:49:04Z WARN GitHubActionsService] GET request to https://broker.actions.githubusercontent.com/message?sessionId=32cac54e-598f-45bb-a742-71439a3f7f11&status=Online&runnerVersion=2.329.0&os=Windows&architecture=X64&disableUpdate=false has been cancelled.
[2025-12-04 07:49:04Z ERR  BrokerServer] Catch exception during request
[2025-12-04 07:49:04Z ERR  BrokerServer] System.Threading.Tasks.TaskCanceledException: The operation was canceled.
 ---> System.Threading.Tasks.TaskCanceledException: The operation was canceled.
 ---> System.IO.IOException: Unable to read data from the transport connection: The I/O operation has been aborted because of either a thread exit or an application request..
 ---> System.Net.Sockets.SocketException (995): The I/O operation has been aborted because of either a thread exit or an application request.
   --- End of inner exception stack trace ---
   at System.Net.Sockets.Socket.AwaitableSocketAsyncEventArgs.System.Threading.Tasks.Sources.IValueTaskSource<System.Int32>.GetResult(Int16 token)
   at System.Net.Security.SslStream.EnsureFullTlsFrameAsync[TIOAdapter](CancellationToken cancellationToken, Int32 estimatedSize)
   at System.Runtime.CompilerServices.PoolingAsyncValueTaskMethodBuilder`1.StateMachineBox`1.System.Threading.Tasks.Sources.IValueTaskSource<TResult>.GetResult(Int16 token)
   at System.Net.Security.SslStream.ReadAsyncInternal[TIOAdapter](Memory`1 buffer, CancellationToken cancellationToken)
   at System.Runtime.CompilerServices.PoolingAsyncValueTaskMethodBuilder`1.StateMachineBox`1.System.Threading.Tasks.Sources.IValueTaskSource<TResult>.GetResult(Int16 token)
   at System.Net.Http.HttpConnection.SendAsync(HttpRequestMessage request, Boolean async, CancellationToken cancellationToken)
   --- End of inner exception stack trace ---
   at System.Net.Http.HttpConnection.SendAsync(HttpRequestMessage request, Boolean async, CancellationToken cancellationToken)
   at System.Net.Http.AuthenticationHelper.SendWithNtAuthAsync(HttpRequestMessage request, Uri authUri, Boolean async, ICredentials credentials, Boolean isProxyAuth, HttpConnection connection, HttpConnectionPool connectionPool, CancellationToken cancellationToken)
   at System.Net.Http.HttpConnectionPool.SendWithVersionDetectionAndRetryAsync(HttpRequestMessage request, Boolean async, Boolean doRequestAuth, CancellationToken cancellationToken)
   at System.Net.Http.AuthenticationHelper.SendWithAuthAsync(HttpRequestMessage request, Uri authUri, Boolean async, ICredentials credentials, Boolean preAuthenticate, Boolean isProxyAuth, Boolean doRequestAuth, HttpConnectionPool pool, CancellationToken cancellationToken)
   at System.Net.Http.RedirectHandler.SendAsync(HttpRequestMessage request, Boolean async, CancellationToken cancellationToken)
   at GitHub.Services.Common.RawHttpMessageHandler.SendAsync(HttpRequestMessage request, CancellationToken cancellationToken)
   at GitHub.Services.Common.VssHttpRetryMessageHandler.SendAsync(HttpRequestMessage request, CancellationToken cancellationToken)
   at System.Net.Http.HttpClient.<SendAsync>g__Core|83_0(HttpRequestMessage request, HttpCompletionOption completionOption, CancellationTokenSource cts, Boolean disposeCts, CancellationTokenSource pendingRequestsCts, CancellationToken originalCancellationToken)
   --- End of inner exception stack trace ---
   at System.Net.Http.HttpClient.HandleFailure(Exception e, Boolean telemetryStarted, HttpResponseMessage response, CancellationTokenSource cts, CancellationToken cancellationToken, CancellationTokenSource pendingRequestsCts)
   at System.Net.Http.HttpClient.<SendAsync>g__Core|83_0(HttpRequestMessage request, HttpCompletionOption completionOption, CancellationTokenSource cts, Boolean disposeCts, CancellationTokenSource pendingRequestsCts, CancellationToken originalCancellationToken)
   at Sdk.WebApi.WebApi.RawHttpClientBase.SendAsync(HttpRequestMessage message, HttpCompletionOption completionOption, Object userState, CancellationToken cancellationToken)
   at Sdk.WebApi.WebApi.RawHttpClientBase.SendAsync[T](HttpRequestMessage message, Boolean readErrorBody, Object userState, CancellationToken cancellationToken)
   at Sdk.WebApi.WebApi.RawHttpClientBase.SendAsync[T](HttpMethod method, IEnumerable`1 additionalHeaders, Uri requestUri, HttpContent content, IEnumerable`1 queryParameters, Boolean readErrorBody, Object userState, CancellationToken cancellationToken)
   at GitHub.Actions.RunService.WebApi.BrokerHttpClient.GetRunnerMessageAsync(Nullable`1 sessionId, String runnerVersion, Nullable`1 status, String os, String architecture, Nullable`1 disableUpdate, CancellationToken cancellationToken)
   at GitHub.Runner.Common.BrokerServer.<>c__DisplayClass7_0.<<GetRunnerMessageAsync>b__0>d.MoveNext()
--- End of stack trace from previous location ---
   at GitHub.Runner.Common.RunnerService.RetryRequest[T](Func`1 func, CancellationToken cancellationToken, Int32 maxAttempts, Func`2 shouldRetry)
[2025-12-04 07:49:04Z ERR  BrokerServer] #####################################################
[2025-12-04 07:49:04Z ERR  BrokerServer] System.Threading.Tasks.TaskCanceledException: The operation was canceled.
 ---> System.IO.IOException: Unable to read data from the transport connection: The I/O operation has been aborted because of either a thread exit or an application request..
 ---> System.Net.Sockets.SocketException (995): The I/O operation has been aborted because of either a thread exit or an application request.
   --- End of inner exception stack trace ---
   at System.Net.Sockets.Socket.AwaitableSocketAsyncEventArgs.System.Threading.Tasks.Sources.IValueTaskSource<System.Int32>.GetResult(Int16 token)
   at System.Net.Security.SslStream.EnsureFullTlsFrameAsync[TIOAdapter](CancellationToken cancellationToken, Int32 estimatedSize)
   at System.Runtime.CompilerServices.PoolingAsyncValueTaskMethodBuilder`1.StateMachineBox`1.System.Threading.Tasks.Sources.IValueTaskSource<TResult>.GetResult(Int16 token)
   at System.Net.Security.SslStream.ReadAsyncInternal[TIOAdapter](Memory`1 buffer, CancellationToken cancellationToken)
   at System.Runtime.CompilerServices.PoolingAsyncValueTaskMethodBuilder`1.StateMachineBox`1.System.Threading.Tasks.Sources.IValueTaskSource<TResult>.GetResult(Int16 token)
   at System.Net.Http.HttpConnection.SendAsync(HttpRequestMessage request, Boolean async, CancellationToken cancellationToken)
   --- End of inner exception stack trace ---
   at System.Net.Http.HttpConnection.SendAsync(HttpRequestMessage request, Boolean async, CancellationToken cancellationToken)
   at System.Net.Http.AuthenticationHelper.SendWithNtAuthAsync(HttpRequestMessage request, Uri authUri, Boolean async, ICredentials credentials, Boolean isProxyAuth, HttpConnection connection, HttpConnectionPool connectionPool, CancellationToken cancellationToken)
   at System.Net.Http.HttpConnectionPool.SendWithVersionDetectionAndRetryAsync(HttpRequestMessage request, Boolean async, Boolean doRequestAuth, CancellationToken cancellationToken)
   at System.Net.Http.AuthenticationHelper.SendWithAuthAsync(HttpRequestMessage request, Uri authUri, Boolean async, ICredentials credentials, Boolean preAuthenticate, Boolean isProxyAuth, Boolean doRequestAuth, HttpConnectionPool pool, CancellationToken cancellationToken)
   at System.Net.Http.RedirectHandler.SendAsync(HttpRequestMessage request, Boolean async, CancellationToken cancellationToken)
   at GitHub.Services.Common.RawHttpMessageHandler.SendAsync(HttpRequestMessage request, CancellationToken cancellationToken)
   at GitHub.Services.Common.VssHttpRetryMessageHandler.SendAsync(HttpRequestMessage request, CancellationToken cancellationToken)
   at System.Net.Http.HttpClient.<SendAsync>g__Core|83_0(HttpRequestMessage request, HttpCompletionOption completionOption, CancellationTokenSource cts, Boolean disposeCts, CancellationTokenSource pendingRequestsCts, CancellationToken originalCancellationToken)
[2025-12-04 07:49:04Z ERR  BrokerServer] #####################################################
[2025-12-04 07:49:04Z ERR  BrokerServer] System.IO.IOException: Unable to read data from the transport connection: The I/O operation has been aborted because of either a thread exit or an application request..
 ---> System.Net.Sockets.SocketException (995): The I/O operation has been aborted because of either a thread exit or an application request.
   --- End of inner exception stack trace ---
   at System.Net.Sockets.Socket.AwaitableSocketAsyncEventArgs.System.Threading.Tasks.Sources.IValueTaskSource<System.Int32>.GetResult(Int16 token)
   at System.Net.Security.SslStream.EnsureFullTlsFrameAsync[TIOAdapter](CancellationToken cancellationToken, Int32 estimatedSize)
   at System.Runtime.CompilerServices.PoolingAsyncValueTaskMethodBuilder`1.StateMachineBox`1.System.Threading.Tasks.Sources.IValueTaskSource<TResult>.GetResult(Int16 token)
   at System.Net.Security.SslStream.ReadAsyncInternal[TIOAdapter](Memory`1 buffer, CancellationToken cancellationToken)
   at System.Runtime.CompilerServices.PoolingAsyncValueTaskMethodBuilder`1.StateMachineBox`1.System.Threading.Tasks.Sources.IValueTaskSource<TResult>.GetResult(Int16 token)
   at System.Net.Http.HttpConnection.SendAsync(HttpRequestMessage request, Boolean async, CancellationToken cancellationToken)
[2025-12-04 07:49:04Z ERR  BrokerServer] #####################################################
[2025-12-04 07:49:04Z ERR  BrokerServer] System.Net.Sockets.SocketException (995): The I/O operation has been aborted because of either a thread exit or an application request.
[2025-12-04 07:49:04Z WARN BrokerServer] Back off 13.161 seconds before next retry. 4 attempt left.
[2025-12-04 07:49:04Z INFO BrokerMessageListener] Get next message has been cancelled.
[2025-12-04 07:49:04Z INFO JobDispatcher] Shutting down JobDispatcher. Make sure all WorkerDispatcher has finished.
[2025-12-04 07:49:04Z INFO JobDispatcher] Ensure WorkerDispatcher for job a7e7170c-5b3d-54fd-8984-b420ef209d6b run to finish, cancel any running job.
[2025-12-04 07:49:04Z INFO JobDispatcher] Job request a7e7170c-5b3d-54fd-8984-b420ef209d6b processed succeed.
[2025-12-04 07:49:04Z INFO Runner] Deleting Runner Session...
[2025-12-04 07:49:05Z INFO Listener] Runner execution been cancelled.
